Command,Pay,Player,"Saturday, April 16, 2022 at 3:11:42 AM Pacific Daylight Time","iCarlyyy",300,money,$,"Olpenzera",300,money,$,"Nubank",361,-4,1641,0,
Command,Pay,Player,"Saturday, April 16, 2022 at 3:44:19 AM Pacific Daylight Time","loreko",0.01,money,$,"Aeraky",0.01,money,$,"Nubank",537,64,802,99.99,
Sign,Sell,Interact,"Saturday, April 16, 2022 at 12:04:44 PM Pacific Daylight Time","Aeraky",1,DIAMOND,,"Aeraky",10,money,$,"Nubank",-302,48,347,10000309.01,
Sign,Sell,Interact,"Saturday, April 16, 2022 at 12:05:50 PM Pacific Daylight Time","Aeraky",1,NETHERITE_SCRAP,,"Aeraky",45,money,$,"Nubank",-304,48,347,10000354.01,
Command,Pay,Player,"Saturday, April 16, 2022 at 12:37:36 PM Pacific Daylight Time","iCarlyyy",300,money,$,"Salarc_",300,money,$,"Nubank",-293,65,162,800,
Update,Set,API,"Saturday, April 16, 2022 at 1:20:29 PM Pacific Daylight Time","iCarlyyy",1100,money,$,"","","","","","","",""1100,
Update,Set,API,"Saturday, April 16, 2022 at 1:20:49 PM Pacific Daylight Time","Salarc_",300,money,$,"","","","","","","",""300,
Update,Set,API,"Saturday, April 16, 2022 at 1:32:15 PM Pacific Daylight Time","Aeraky",5299,money,$,"","","","","","","",""5299,
Update,Set,API,"Saturday, April 16, 2022 at 1:32:15 PM Pacific Daylight Time","Aeraky",5300,money,$,"","","","","","","",""5300,
Command,Pay,Player,"Saturday, April 16, 2022 at 1:32:15 PM Pacific Daylight Time","Aeraky",1,money,$,"Aeraky",1,money,$,"Nubank_nether",313,62,-9,5300,
Update,Set,API,"Saturday, April 16, 2022 at 1:34:55 PM Pacific Daylight Time","Aeraky",5295,money,$,"","","","","","","",""5295,
Update,Set,API,"Saturday, April 16, 2022 at 1:34:55 PM Pacific Daylight Time","Salarc_",305,money,$,"","","","","","","",""305,
Command,Pay,Player,"Saturday, April 16, 2022 at 1:34:55 PM Pacific Daylight Time","Aeraky",5,money,$,"Salarc_",5,money,$,"Nubank_nether",319,71,21,5295,
Update,Set,API,"Sunday, April 17, 2022 at 12:36:13 AM Pacific Daylight Time","Salarc_",300,money,$,"","","","","","","",""300,
Update,Set,API,"Sunday, April 17, 2022 at 12:36:20 AM Pacific Daylight Time","Aeraky",5000,money,$,"","","","","","","",""5000,
Update,Set,API,"Sunday, April 17, 2022 at 8:05:37 AM Pacific Daylight Time","Aeraky",5005.5,money,$,"","","","","","","",""5005.5,
Update,Set,API,"Sunday, April 17, 2022 at 8:05:43 AM Pacific Daylight Time","iCarlyyy",1105.5,money,$,"","","","","","","",""1105.5,
Update,Set,API,"Sunday, April 17, 2022 at 8:09:22 AM Pacific Daylight Time","Aeraky",5007.0,money,$,"","","","","","","",""5007.0,
Update,Set,API,"Sunday, April 17, 2022 at 8:09:31 AM Pacific Daylight Time","Olpenzera",301.5,money,$,"","","","","","","",""301.5,
Update,Set,API,"Sunday, April 17, 2022 at 8:14:16 AM Pacific Daylight Time","iCarlyyy",1055.5,money,$,"","","","","","","",""1055.5,
Update,Set,API,"Sunday, April 17, 2022 at 8:14:16 AM Pacific Daylight Time","Aeraky",5057.0,money,$,"","","","","","","",""5057.0,
Command,Pay,Player,"Sunday, April 17, 2022 at 8:14:16 AM Pacific Daylight Time","iCarlyyy",50,money,$,"Aeraky",50,money,$,"Nubank",-293,63,119,1055.5,
Update,Set,API,"Sunday, April 17, 2022 at 8:17:11 AM Pacific Daylight Time","Aeraky",5059.4,money,$,"","","","","","","",""5059.4,
Update,Set,API,"Sunday, April 17, 2022 at 8:17:14 AM Pacific Daylight Time","Salarc_",303.6,money,$,"","","","","","","",""303.6,
Update,Set,API,"Sunday, April 17, 2022 at 3:49:40 PM Pacific Daylight Time","loreko",330,money,$,"","","","","","","",""330,
Update,Set,API,"Sunday, April 17, 2022 at 3:52:21 PM Pacific Daylight Time","loreko",630,money,$,"","","","","","","",""630,
Update,Set,API,"Friday, April 22, 2022 at 6:22:37 PM Brasilia Standard Time","Salarc_",1303.6,money,$,"","","","","","","",""1303.6,
Update,Set,API,"Friday, April 22, 2022 at 6:22:49 PM Brasilia Standard Time","Salarc_",1390.6,money,$,"","","","","","","",""1390.6,
